<?xml version="1.0" encoding="UTF-8"?>
<testng-results skipped="0" failed="0" total="4" passed="4">
  <reporter-output>
  </reporter-output>
  <suite name="Suite" duration-ms="11331" started-at="2019-08-09T13:04:37Z" finished-at="2019-08-09T13:04:48Z">
    <groups>
    </groups>
    <test name="Test" duration-ms="11331" started-at="2019-08-09T13:04:37Z" finished-at="2019-08-09T13:04:48Z">
      <class name="com.TestTechnology.TestApp">
        <test-method status="PASS" signature="browser()[pri:0, instance:com.TestTechnology.TestApp@327471b5]" name="browser" is-config="true" duration-ms="4866" started-at="2019-08-09T18:34:37Z" finished-at="2019-08-09T18:34:42Z">
          <reporter-output>
          </reporter-output>
        </test-method> <!-- browser -->
        <test-method status="PASS" signature="loginPage()[pri:0, instance:com.TestTechnology.TestApp@327471b5]" name="loginPage" duration-ms="562" started-at="2019-08-09T18:34:42Z" finished-at="2019-08-09T18:34:42Z">
          <reporter-output>
          </reporter-output>
        </test-method> <!-- loginPage -->
        <test-method status="PASS" signature="verifyloginUser()[pri:0, instance:com.TestTechnology.TestApp@327471b5]" name="verifyloginUser" duration-ms="31" started-at="2019-08-09T18:34:42Z" finished-at="2019-08-09T18:34:42Z">
          <reporter-output>
          </reporter-output>
        </test-method> <!-- verifyloginUser -->
        <test-method status="PASS" signature="verifyBook()[pri:0, instance:com.TestTechnology.TestApp@327471b5]" name="verifyBook" duration-ms="5599" started-at="2019-08-09T18:34:42Z" finished-at="2019-08-09T18:34:48Z">
          <reporter-output>
          </reporter-output>
        </test-method> <!-- verifyBook -->
        <test-method status="PASS" signature="logoutPage()[pri:0, instance:com.TestTechnology.TestApp@327471b5]" name="logoutPage" duration-ms="261" started-at="2019-08-09T18:34:48Z" finished-at="2019-08-09T18:34:48Z">
          <reporter-output>
          </reporter-output>
        </test-method> <!-- logoutPage -->
      </class> <!-- com.TestTechnology.TestApp -->
    </test> <!-- Test -->
  </suite> <!-- Suite -->
</testng-results>
