<?xml version="1.0" encoding="UTF-8"?>
<!-- Generated by org.testng.reporters.JUnitXMLReporter -->
<testsuite hostname="dvtest" name="Test" tests="4" failures="0" timestamp="9 Aug 2019 13:35:50 GMT" time="11.459" errors="0">
  <testcase name="loginPage" time="0.549" classname="com.TestTechnology.TestApp"/>
  <testcase name="verifyloginUser" time="0.051" classname="com.TestTechnology.TestApp"/>
  <testcase name="verifyBook" time="5.575" classname="com.TestTechnology.TestApp"/>
  <testcase name="logoutPage" time="0.308" classname="com.TestTechnology.TestApp"/>
</testsuite> <!-- Test -->
