<?xml version="1.0" encoding="UTF-8"?>
<!-- Generated by org.testng.reporters.JUnitXMLReporter -->
<testsuite hostname="dvtest" name="Test" tests="7" failures="0" timestamp="20 Aug 2019 06:30:54 GMT" time="8.917" errors="0">
  <testcase name="AddContact" time="1.719" classname="com.TestTechnology.TestApp"/>
  <testcase name="verifyContact" time="0.333" classname="com.TestTechnology.TestApp"/>
  <testcase name="verifyContactEditable" time="1.207" classname="com.TestTechnology.TestApp"/>
  <testcase name="verifysortAlphabet" time="0.206" classname="com.TestTechnology.TestApp"/>
  <testcase name="verifysortLastname" time="0.071" classname="com.TestTechnology.TestApp"/>
  <testcase name="verifyEmail" time="0.096" classname="com.TestTechnology.TestApp"/>
  <testcase name="verifyCancel" time="0.295" classname="com.TestTechnology.TestApp"/>
</testsuite> <!-- Test -->
